Using pre-set license
Built from '2022.1/staging' branch; Version is '2022.1.15f1 (42973686a05c) revision 4364086'; Using compiler version '192829333'; Build Type 'Release'
OS: 'Windows 10  (10.0.19044) 64bit Core' Language: 'ru' Physical Memory: 8060 MB
BatchMode: 1, IsHumanControllingUs: 0, StartBugReporterOnCrash: 0, Is64bit: 1, IsPro: 1

COMMAND LINE ARGUMENTS:
C:\Programms\Unity\2022.1.15f1\Editor\Unity.exe
-adb2
-batchMode
-noUpm
-name
AssetImportWorker0
-projectPath
C:/Projects/woodcutter_game
-logFile
Logs/AssetImportWorker0.log
-srvPort
51427
Successfully changed project path to: C:/Projects/woodcutter_game
C:/Projects/woodcutter_game
[UnityMemory] Configuration Parameters - Can be set up in boot.config
    "memorysetup-bucket-allocator-granularity=16"
    "memorysetup-bucket-allocator-bucket-count=8"
    "memorysetup-bucket-allocator-block-size=33554432"
    "memorysetup-bucket-allocator-block-count=8"
    "memorysetup-main-allocator-block-size=16777216"
    "memorysetup-thread-allocator-block-size=16777216"
    "memorysetup-gfx-main-allocator-block-size=16777216"
    "memorysetup-gfx-thread-allocator-block-size=16777216"
    "memorysetup-cache-allocator-block-size=4194304"
    "memorysetup-typetree-allocator-block-size=2097152"
    "memorysetup-profiler-bucket-allocator-granularity=16"
    "memorysetup-profiler-bucket-allocator-bucket-count=8"
    "memorysetup-profiler-bucket-allocator-block-size=33554432"
    "memorysetup-profiler-bucket-allocator-block-count=8"
    "memorysetup-profiler-allocator-block-size=16777216"
    "memorysetup-profiler-editor-allocator-block-size=1048576"
    "memorysetup-temp-allocator-size-main=16777216"
    "memorysetup-job-temp-allocator-block-size=2097152"
    "memorysetup-job-temp-allocator-block-size-background=1048576"
    "memorysetup-job-temp-allocator-reduction-small-platforms=262144"
    "memorysetup-temp-allocator-size-background-worker=32768"
    "memorysetup-temp-allocator-size-job-worker=262144"
    "memorysetup-temp-allocator-size-preload-manager=33554432"
    "memorysetup-temp-allocator-size-nav-mesh-worker=65536"
    "memorysetup-temp-allocator-size-audio-worker=65536"
    "memorysetup-temp-allocator-size-cloud-worker=32768"
    "memorysetup-temp-allocator-size-gi-baking-worker=262144"
    "memorysetup-temp-allocator-size-gfx=262144"
Refreshing native plugins compatible for Editor in 77.97 ms, found 3 plugins.
Preloading 0 native plugins for Editor in 0.00 ms.
Initialize engine version: 2022.1.15f1 (42973686a05c)
[Subsystems] Discovering subsystems at path C:/Programms/Unity/2022.1.15f1/Editor/Data/Resources/UnitySubsystems
[Subsystems] Discovering subsystems at path C:/Projects/woodcutter_game/Assets
GfxDevice: creating device client; threaded=0; jobified=0
Direct3D:
    Version:  Direct3D 11.0 [level 11.1]
    Renderer: NVIDIA GeForce GTX 1050 Ti (ID=0x1c8c)
    Vendor:   NVIDIA
    VRAM:     4021 MB
    Driver:   24.21.13.9826
Initialize mono
Mono path[0] = 'C:/Programms/Unity/2022.1.15f1/Editor/Data/Managed'
Mono path[1] = 'C:/Programms/Unity/2022.1.15f1/Editor/Data/MonoBleedingEdge/lib/mono/unityjit-win32'
Mono config path = 'C:/Programms/Unity/2022.1.15f1/Editor/Data/MonoBleedingEdge/etc'
Using monoOptions --debugger-agent=transport=dt_socket,embedding=1,server=y,suspend=n,address=127.0.0.1:56156
Begin MonoManager ReloadAssembly
Registering precompiled unity dll's ...
Register platform support module: C:/Programms/Unity/2022.1.15f1/Editor/Data/PlaybackEngines/WebGLSupport/UnityEditor.WebGL.Extensions.dll
Register platform support module: C:/Programms/Unity/2022.1.15f1/Editor/Data/PlaybackEngines/AndroidPlayer/UnityEditor.Android.Extensions.dll
Register platform support module: C:/Programms/Unity/2022.1.15f1/Editor/Data/PlaybackEngines/WindowsStandaloneSupport/UnityEditor.WindowsStandalone.Extensions.dll
Registered in 0.010039 seconds.
Native extension for WindowsStandalone target not found
Native extension for Android target not found
Native extension for WebGL target not found
Refreshing native plugins compatible for Editor in 70.38 ms, found 3 plugins.
Preloading 0 native plugins for Editor in 0.00 ms.
Mono: successfully reloaded assembly
- Completed reload, in  1.229 seconds
Domain Reload Profiling:
	ReloadAssembly (1230ms)
		BeginReloadAssembly (151ms)
			ExecutionOrderSort (0ms)
			DisableScriptedObjects (0ms)
			BackupInstance (0ms)
			ReleaseScriptingObjects (0ms)
			CreateAndSetChildDomain (3ms)
		EndReloadAssembly (881ms)
			LoadAssemblies (147ms)
			RebuildTransferFunctionScriptingTraits (0ms)
			SetupTypeCache (225ms)
				TypeCache.Initialize (224ms)
					TypeCache.ScanAssembly (220ms)
				ResolveRequiredComponents (1ms)
			ReleaseScriptCaches (0ms)
			RebuildScriptCaches (61ms)
			SetupLoadedEditorAssemblies (493ms)
				LogAssemblyErrors (0ms)
				InitializePlatformSupportModulesInManaged (113ms)
				SetLoadedEditorAssemblies (16ms)
				RefreshPlugins (71ms)
				BeforeProcessingInitializeOnLoad (2ms)
				ProcessInitializeOnLoadAttributes (200ms)
				ProcessInitializeOnLoadMethodAttributes (90ms)
				AfterProcessingInitializeOnLoad (0ms)
				EditorAssembliesLoaded (0ms)
			ExecutionOrderSort2 (0ms)
			AwakeInstancesAfterBackupRestoration (0ms)
Platform modules already initialized, skipping
Registering precompiled user dll's ...
Registered in 0.007778 seconds.
Begin MonoManager ReloadAssembly
Native extension for WindowsStandalone target not found
Native extension for Android target not found
Native extension for WebGL target not found
Refreshing native plugins compatible for Editor in 46.47 ms, found 3 plugins.
Preloading 0 native plugins for Editor in 0.00 ms.
Mono: successfully reloaded assembly
- Completed reload, in  1.628 seconds
Domain Reload Profiling:
	ReloadAssembly (1630ms)
		BeginReloadAssembly (276ms)
			ExecutionOrderSort (0ms)
			DisableScriptedObjects (6ms)
			BackupInstance (0ms)
			ReleaseScriptingObjects (0ms)
			CreateAndSetChildDomain (138ms)
		EndReloadAssembly (1205ms)
			LoadAssemblies (121ms)
			RebuildTransferFunctionScriptingTraits (0ms)
			SetupTypeCache (279ms)
				TypeCache.Initialize (273ms)
					TypeCache.ScanAssembly (268ms)
				ResolveRequiredComponents (6ms)
			ReleaseScriptCaches (1ms)
			RebuildScriptCaches (65ms)
			SetupLoadedEditorAssemblies (661ms)
				LogAssemblyErrors (0ms)
				InitializePlatformSupportModulesInManaged (16ms)
				SetLoadedEditorAssemblies (12ms)
				RefreshPlugins (47ms)
				BeforeProcessingInitializeOnLoad (116ms)
				ProcessInitializeOnLoadAttributes (387ms)
				ProcessInitializeOnLoadMethodAttributes (71ms)
				AfterProcessingInitializeOnLoad (12ms)
				EditorAssembliesLoaded (0ms)
			ExecutionOrderSort2 (0ms)
			AwakeInstancesAfterBackupRestoration (16ms)
Platform modules already initialized, skipping
========================================================================
Worker process is ready to serve import requests
Launched and connected shader compiler UnityShaderCompiler.exe after 0.08 seconds
Refreshing native plugins compatible for Editor in 0.99 ms, found 3 plugins.
Preloading 0 native plugins for Editor in 0.00 ms.
Unloading 2520 Unused Serialized files (Serialized files now loaded: 0)
Unloading 35 unused Assets / (58.2 KB). Loaded Objects now: 2983.
Memory consumption went from 414.4 MB to 414.4 MB.
Total: 9.909000 ms (FindLiveObjects: 1.303600 ms CreateObjectMapping: 1.854300 ms MarkObjects: 6.523500 ms  DeleteObjects: 0.225800 ms)

AssetImportParameters requested are different than current active one (requested -> active):
  custom:video-decoder-ogg-theora: a1e56fd34408186e4bbccfd4996cb3dc -> 
  custom:container-muxer-webm: aa71ff27fc2769a1b78a27578f13a17b -> 
  custom:container-demuxer-webm: 4f35f7cbe854078d1ac9338744f61a02 -> 
  custom:video-encoder-webm-vp8: eb34c28f22e8b96e1ab97ce403110664 -> 
  custom:audio-encoder-webm-vorbis: bf7c407c2cedff20999df2af8eb42d56 -> 
  custom:framework-win-MediaFoundation: 216162199b28c13a410421893ffa2e32 -> 
  custom:container-demuxer-ogg: 62fdf1f143b41e24485cea50d1cbac27 -> 
  custom:video-decoder-webm-vp8: 9c59270c3fd7afecdb556c50c9e8de78 -> 
  custom:audio-decoder-ogg-vorbis: bf7c407c2cedff20999df2af8eb42d56 -> 
========================================================================
Received Import Request.
  Time since last request: 312675.597251 seconds.
  path: Assets/Sounds
  artifactKey: Guid(7ca364cdc5dee6e40a8171c2d0fa1775) Importer(815301076,1909f56bfc062723c751e8b465ee728b)
Start importing Assets/Sounds using Guid(7ca364cdc5dee6e40a8171c2d0fa1775) Importer(815301076,1909f56bfc062723c751e8b465ee728b)  -> (artifact id: 'dfd0e428055ee1f388adf50a7491ff2b') in 0.014278 seconds 
========================================================================
Received Import Request.
  Time since last request: 0.000133 seconds.
  path: Assets/Sounds/axe_cut.mp3
  artifactKey: Guid(b0f2b05a99f1b404d813d5cc0b5939cf) Importer(815301076,1909f56bfc062723c751e8b465ee728b)
Start importing Assets/Sounds/axe_cut.mp3 using Guid(b0f2b05a99f1b404d813d5cc0b5939cf) Importer(815301076,1909f56bfc062723c751e8b465ee728b)  -> (artifact id: '72d4201018a3afd5dbd3a8b0e8c324b4') in 0.197241 seconds 
========================================================================
Received Import Request.
  Time since last request: 8.583610 seconds.
  path: Assets/Plugins
  artifactKey: Guid(c349e0eb353919d4a92df1abb0f32f2c) Importer(815301076,1909f56bfc062723c751e8b465ee728b)
Start importing Assets/Plugins using Guid(c349e0eb353919d4a92df1abb0f32f2c) Importer(815301076,1909f56bfc062723c751e8b465ee728b)  -> (artifact id: 'd19138cf08a0e90d49346117fbd8e0be') in 0.009882 seconds 
========================================================================
Received Import Request.
  Time since last request: 2.733812 seconds.
  path: Assets/Plugins/js.jslib
  artifactKey: Guid(8f1ed09de4173794bafbd945f8162ff6) Importer(815301076,1909f56bfc062723c751e8b465ee728b)
Start importing Assets/Plugins/js.jslib using Guid(8f1ed09de4173794bafbd945f8162ff6) Importer(815301076,1909f56bfc062723c751e8b465ee728b)  -> (artifact id: '45aec53c1543ac41bf85a8900634cae9') in 2.163024 seconds 
========================================================================
Received Import Request.
  Time since last request: 43.544294 seconds.
  path: Assets/Fonts
  artifactKey: Guid(4d66ead944fe5e84288e0662ec6f241f) Importer(815301076,1909f56bfc062723c751e8b465ee728b)
Start importing Assets/Fonts using Guid(4d66ead944fe5e84288e0662ec6f241f) Importer(815301076,1909f56bfc062723c751e8b465ee728b)  -> (artifact id: 'ea84b56f2b0e73ad3208d11e0639c7a7') in 0.007277 seconds 
========================================================================
Received Import Request.
  Time since last request: 0.038140 seconds.
  path: Assets/Fonts/ARIAL.TTF
  artifactKey: Guid(7198409d57bdda644acfbd39be132761) Importer(815301076,1909f56bfc062723c751e8b465ee728b)
Start importing Assets/Fonts/ARIAL.TTF using Guid(7198409d57bdda644acfbd39be132761) Importer(815301076,1909f56bfc062723c751e8b465ee728b)  -> (artifact id: 'f7c8fe5990d5a7e378c97ab79bcb5613') in 0.118102 seconds 
========================================================================
Received Import Request.
  Time since last request: 0.000039 seconds.
  path: Assets/Fonts/ARIALI.TTF
  artifactKey: Guid(4a5e48c3aebccc44db910e597dde87fa) Importer(815301076,1909f56bfc062723c751e8b465ee728b)
Start importing Assets/Fonts/ARIALI.TTF using Guid(4a5e48c3aebccc44db910e597dde87fa) Importer(815301076,1909f56bfc062723c751e8b465ee728b)  -> (artifact id: 'b35a41ba66f09e5bb734db1f9fe387d2') in 0.041137 seconds 
========================================================================
Received Import Request.
  Time since last request: 0.000043 seconds.
  path: Assets/Fonts/ARIALBI.TTF
  artifactKey: Guid(361361604314cf34181398f47f0e7975) Importer(815301076,1909f56bfc062723c751e8b465ee728b)
Start importing Assets/Fonts/ARIALBI.TTF using Guid(361361604314cf34181398f47f0e7975) Importer(815301076,1909f56bfc062723c751e8b465ee728b)  -> (artifact id: 'e05f28a04677b966a4837ec54d929f80') in 0.037971 seconds 
========================================================================
Received Import Request.
  Time since last request: 0.000031 seconds.
  path: Assets/Fonts/ARIBLK.TTF
  artifactKey: Guid(ef52ba45efe65da41bf2cfd70e245924) Importer(815301076,1909f56bfc062723c751e8b465ee728b)
Start importing Assets/Fonts/ARIBLK.TTF using Guid(ef52ba45efe65da41bf2cfd70e245924) Importer(815301076,1909f56bfc062723c751e8b465ee728b)  -> (artifact id: '2255723d537ce97d0354520e5f888408') in 0.035047 seconds 
========================================================================
Received Import Request.
  Time since last request: 4.216069 seconds.
  path: Assets/Prefabs
  artifactKey: Guid(6f1f72d40462e6e48958a121b216744b) Importer(815301076,1909f56bfc062723c751e8b465ee728b)
Start importing Assets/Prefabs using Guid(6f1f72d40462e6e48958a121b216744b) Importer(815301076,1909f56bfc062723c751e8b465ee728b)  -> (artifact id: '3b0b52a5bceecd12311a79f59074e414') in 0.011200 seconds 
========================================================================
Received Import Request.
  Time since last request: 2.191100 seconds.
  path: Assets/Prefabs/branch.prefab
  artifactKey: Guid(343616dacf3114745a35c9ff65d9f92a) Importer(815301076,1909f56bfc062723c751e8b465ee728b)
Start importing Assets/Prefabs/branch.prefab using Guid(343616dacf3114745a35c9ff65d9f92a) Importer(815301076,1909f56bfc062723c751e8b465ee728b)  -> (artifact id: '2b3abe00da5845543a69da149ddd88f1') in 0.137231 seconds 
========================================================================
Received Import Request.
  Time since last request: 24.767034 seconds.
  path: Assets/Scenes
  artifactKey: Guid(f80369889616b794d8f5047cf6e453c1) Importer(815301076,1909f56bfc062723c751e8b465ee728b)
Start importing Assets/Scenes using Guid(f80369889616b794d8f5047cf6e453c1) Importer(815301076,1909f56bfc062723c751e8b465ee728b)  -> (artifact id: '96b8577f6b6214f71534b1970c21cfcc') in 0.009745 seconds 
========================================================================
Received Import Request.
  Time since last request: 4.275321 seconds.
  path: Assets/Scripts
  artifactKey: Guid(07f2440c9c994204cb8b17cb7991c923) Importer(815301076,1909f56bfc062723c751e8b465ee728b)
Start importing Assets/Scripts using Guid(07f2440c9c994204cb8b17cb7991c923) Importer(815301076,1909f56bfc062723c751e8b465ee728b)  -> (artifact id: '880053e7e225e7f72b5a4417e95bd16d') in 0.011674 seconds 
========================================================================
Received Import Request.
  Time since last request: 2.069435 seconds.
  path: Assets/Scripts/Ad.cs
  artifactKey: Guid(6559c1179b863cc4f86a9eb9c0a09965) Importer(815301076,1909f56bfc062723c751e8b465ee728b)
Start importing Assets/Scripts/Ad.cs using Guid(6559c1179b863cc4f86a9eb9c0a09965) Importer(815301076,1909f56bfc062723c751e8b465ee728b)  -> (artifact id: '4f6800427ef9b6eeba3f36b8148e641a') in 0.053979 seconds 
========================================================================
Received Import Request.
  Time since last request: 15.259979 seconds.
  path: Assets/Scenes/SampleScene.unity
  artifactKey: Guid(2cda990e2423bbf4892e6590ba056729) Importer(815301076,1909f56bfc062723c751e8b465ee728b)
Start importing Assets/Scenes/SampleScene.unity using Guid(2cda990e2423bbf4892e6590ba056729) Importer(815301076,1909f56bfc062723c751e8b465ee728b)  -> (artifact id: '8f7bcdee7bdcaed3e5aba33e50f27e6d') in 0.010002 seconds 
========================================================================
Received Prepare
Registering precompiled user dll's ...
Registered in 0.006120 seconds.
Begin MonoManager ReloadAssembly
Native extension for WindowsStandalone target not found
Native extension for Android target not found
Native extension for WebGL target not found
Refreshing native plugins compatible for Editor in 0.81 ms, found 3 plugins.
Preloading 0 native plugins for Editor in 0.00 ms.
Mono: successfully reloaded assembly
- Completed reload, in  1.726 seconds
Domain Reload Profiling:
	ReloadAssembly (1727ms)
		BeginReloadAssembly (177ms)
			ExecutionOrderSort (0ms)
			DisableScriptedObjects (8ms)
			BackupInstance (0ms)
			ReleaseScriptingObjects (0ms)
			CreateAndSetChildDomain (48ms)
		EndReloadAssembly (1407ms)
			LoadAssemblies (114ms)
			RebuildTransferFunctionScriptingTraits (0ms)
			SetupTypeCache (372ms)
				TypeCache.Initialize (367ms)
					TypeCache.ScanAssembly (357ms)
				ResolveRequiredComponents (6ms)
			ReleaseScriptCaches (3ms)
			RebuildScriptCaches (100ms)
			SetupLoadedEditorAssemblies (671ms)
				LogAssemblyErrors (0ms)
				InitializePlatformSupportModulesInManaged (47ms)
				SetLoadedEditorAssemblies (13ms)
				RefreshPlugins (1ms)
				BeforeProcessingInitializeOnLoad (118ms)
				ProcessInitializeOnLoadAttributes (403ms)
				ProcessInitializeOnLoadMethodAttributes (76ms)
				AfterProcessingInitializeOnLoad (12ms)
				EditorAssembliesLoaded (0ms)
			ExecutionOrderSort2 (0ms)
			AwakeInstancesAfterBackupRestoration (18ms)
Platform modules already initialized, skipping
Refreshing native plugins compatible for Editor in 4.97 ms, found 3 plugins.
Preloading 0 native plugins for Editor in 0.00 ms.
Unloading 2509 Unused Serialized files (Serialized files now loaded: 0)
Unloading 22 unused Assets / (25.5 KB). Loaded Objects now: 3032.
Memory consumption went from 416.7 MB to 416.7 MB.
Total: 5.522000 ms (FindLiveObjects: 0.395200 ms CreateObjectMapping: 0.313700 ms MarkObjects: 4.764000 ms  DeleteObjects: 0.047200 ms)

AssetImportParameters requested are different than current active one (requested -> active):
  custom:video-decoder-ogg-theora: a1e56fd34408186e4bbccfd4996cb3dc -> 
  custom:container-muxer-webm: aa71ff27fc2769a1b78a27578f13a17b -> 
  custom:container-demuxer-webm: 4f35f7cbe854078d1ac9338744f61a02 -> 
  custom:video-encoder-webm-vp8: eb34c28f22e8b96e1ab97ce403110664 -> 
  custom:audio-encoder-webm-vorbis: bf7c407c2cedff20999df2af8eb42d56 -> 
  custom:framework-win-MediaFoundation: 216162199b28c13a410421893ffa2e32 -> 
  custom:container-demuxer-ogg: 62fdf1f143b41e24485cea50d1cbac27 -> 
  custom:video-decoder-webm-vp8: 9c59270c3fd7afecdb556c50c9e8de78 -> 
  custom:audio-decoder-ogg-vorbis: bf7c407c2cedff20999df2af8eb42d56 -> 
========================================================================
Received Import Request.
  Time since last request: 77.404312 seconds.
  path: Assets/Scripts/GameTimer.cs
  artifactKey: Guid(b21d0cbe1c153754d949414993b5d4e9) Importer(815301076,1909f56bfc062723c751e8b465ee728b)
Start importing Assets/Scripts/GameTimer.cs using Guid(b21d0cbe1c153754d949414993b5d4e9) Importer(815301076,1909f56bfc062723c751e8b465ee728b)  -> (artifact id: '77ac19a1df57b59169e4fd52e80bc792') in 0.011691 seconds 
========================================================================
Received Import Request.
  Time since last request: 35.812949 seconds.
  path: Assets/Scripts/Mover.cs
  artifactKey: Guid(24ea6fec543add34d9bd55586e9de414) Importer(815301076,1909f56bfc062723c751e8b465ee728b)
Start importing Assets/Scripts/Mover.cs using Guid(24ea6fec543add34d9bd55586e9de414) Importer(815301076,1909f56bfc062723c751e8b465ee728b)  -> (artifact id: 'b22f6fb8b454e03894da56cce009aadf') in 0.017322 seconds 
========================================================================
Received Import Request.
  Time since last request: 37.589902 seconds.
  path: Assets/Scripts/LoadLevel.cs
  artifactKey: Guid(b2c77d5ce60f48a4c96ea32e6d72eac2) Importer(815301076,1909f56bfc062723c751e8b465ee728b)
Start importing Assets/Scripts/LoadLevel.cs using Guid(b2c77d5ce60f48a4c96ea32e6d72eac2) Importer(815301076,1909f56bfc062723c751e8b465ee728b)  -> (artifact id: '3b95b61ed08b759ac0245e3fb5675a29') in 0.010591 seconds 
========================================================================
Received Import Request.
  Time since last request: 10.784771 seconds.
  path: Assets/Scripts/SideHandler.cs
  artifactKey: Guid(3f2a83312ec4d67459e9ebeb90266da2) Importer(815301076,1909f56bfc062723c751e8b465ee728b)
Start importing Assets/Scripts/SideHandler.cs using Guid(3f2a83312ec4d67459e9ebeb90266da2) Importer(815301076,1909f56bfc062723c751e8b465ee728b)  -> (artifact id: '1bc5dc03372e74a68fb41f8b78e233ff') in 0.007258 seconds 
========================================================================
Received Import Request.
  Time since last request: 2.148198 seconds.
  path: Assets/Scripts/TrunkParalax.cs
  artifactKey: Guid(eff2241a0c8db7f42bdd33351bc06ffe) Importer(815301076,1909f56bfc062723c751e8b465ee728b)
Start importing Assets/Scripts/TrunkParalax.cs using Guid(eff2241a0c8db7f42bdd33351bc06ffe) Importer(815301076,1909f56bfc062723c751e8b465ee728b)  -> (artifact id: 'ea4a291a21417b2b654109842ace9bbe') in 0.006136 seconds 
========================================================================
Received Import Request.
  Time since last request: 11.599336 seconds.
  path: Assets/Scripts/UI
  artifactKey: Guid(af754fdca745ef142b7f7d55a119d35c) Importer(815301076,1909f56bfc062723c751e8b465ee728b)
Start importing Assets/Scripts/UI using Guid(af754fdca745ef142b7f7d55a119d35c) Importer(815301076,1909f56bfc062723c751e8b465ee728b)  -> (artifact id: 'c15ea60cfa43d680e5008e87d2c59092') in 0.019489 seconds 
========================================================================
Received Import Request.
  Time since last request: 1.081706 seconds.
  path: Assets/Scripts/UI/TextView.cs
  artifactKey: Guid(d3bda41c65a43504a9e0febae21858d3) Importer(815301076,1909f56bfc062723c751e8b465ee728b)
Start importing Assets/Scripts/UI/TextView.cs using Guid(d3bda41c65a43504a9e0febae21858d3) Importer(815301076,1909f56bfc062723c751e8b465ee728b)  -> (artifact id: 'bdaca2325eedc906dfc073afda58f166') in 0.018104 seconds 
========================================================================
Received Import Request.
  Time since last request: 5.444267 seconds.
  path: Assets/Scripts/Branch
  artifactKey: Guid(70f905bdf4fd250479f7421d907be2de) Importer(815301076,1909f56bfc062723c751e8b465ee728b)
Start importing Assets/Scripts/Branch using Guid(70f905bdf4fd250479f7421d907be2de) Importer(815301076,1909f56bfc062723c751e8b465ee728b)  -> (artifact id: '5c9d69718bb27abb95cfa25f206a8e2f') in 0.010024 seconds 
========================================================================
Received Import Request.
  Time since last request: 0.784733 seconds.
  path: Assets/Scripts/Branch/Branch.cs
  artifactKey: Guid(e0efcf0d46478644a91f10c787d091bb) Importer(815301076,1909f56bfc062723c751e8b465ee728b)
Start importing Assets/Scripts/Branch/Branch.cs using Guid(e0efcf0d46478644a91f10c787d091bb) Importer(815301076,1909f56bfc062723c751e8b465ee728b)  -> (artifact id: '9523a4227331fdf49ecd71ab264cc400') in 0.003844 seconds 
========================================================================
Received Import Request.
  Time since last request: 0.771267 seconds.
  path: Assets/Scripts/Branch/BranchAnimator.cs
  artifactKey: Guid(7439bc850651c30478509036df8f1a47) Importer(815301076,1909f56bfc062723c751e8b465ee728b)
Start importing Assets/Scripts/Branch/BranchAnimator.cs using Guid(7439bc850651c30478509036df8f1a47) Importer(815301076,1909f56bfc062723c751e8b465ee728b)  -> (artifact id: '65aa48793aa58d46c98bbcb041628826') in 0.014010 seconds 
========================================================================
Received Import Request.
  Time since last request: 0.866244 seconds.
  path: Assets/Scripts/Branch/BranchController.cs
  artifactKey: Guid(03ff88f1dbc54044eb4fa6bbf200b1af) Importer(815301076,1909f56bfc062723c751e8b465ee728b)
Start importing Assets/Scripts/Branch/BranchController.cs using Guid(03ff88f1dbc54044eb4fa6bbf200b1af) Importer(815301076,1909f56bfc062723c751e8b465ee728b)  -> (artifact id: 'b7bda2cba666975c36e02978dfc7a990') in 0.009387 seconds 
========================================================================
Received Import Request.
  Time since last request: 46.919887 seconds.
  path: Assets/Scripts/System
  artifactKey: Guid(b1feade71e3e27e4296d1fabeb91d248) Importer(815301076,1909f56bfc062723c751e8b465ee728b)
Start importing Assets/Scripts/System using Guid(b1feade71e3e27e4296d1fabeb91d248) Importer(815301076,1909f56bfc062723c751e8b465ee728b)  -> (artifact id: 'd4f3c75e51a589c765f8fd4de3e31929') in 0.011215 seconds 
========================================================================
Received Import Request.
  Time since last request: 1.068933 seconds.
  path: Assets/Scripts/System/AdRevival.cs
  artifactKey: Guid(9477784b30a05e24cadd9cc0857d4a91) Importer(815301076,1909f56bfc062723c751e8b465ee728b)
Start importing Assets/Scripts/System/AdRevival.cs using Guid(9477784b30a05e24cadd9cc0857d4a91) Importer(815301076,1909f56bfc062723c751e8b465ee728b)  -> (artifact id: '221c2e4760f4acb42bacba2d117013d2') in 0.007939 seconds 
========================================================================
Received Import Request.
  Time since last request: 95.414811 seconds.
  path: Assets/Scripts/System/LoadPlayerData.cs
  artifactKey: Guid(57372cf637730f1449319c67e10ab3b0) Importer(815301076,1909f56bfc062723c751e8b465ee728b)
Start importing Assets/Scripts/System/LoadPlayerData.cs using Guid(57372cf637730f1449319c67e10ab3b0) Importer(815301076,1909f56bfc062723c751e8b465ee728b)  -> (artifact id: '7c27abc8910ae96081f75f33400532a2') in 0.011603 seconds 
========================================================================
Received Import Request.
  Time since last request: 6.156567 seconds.
  path: Assets/Scripts/System/PlayerData.cs
  artifactKey: Guid(4d8b3b7581641c44bbaabe68a596b3da) Importer(815301076,1909f56bfc062723c751e8b465ee728b)
Start importing Assets/Scripts/System/PlayerData.cs using Guid(4d8b3b7581641c44bbaabe68a596b3da) Importer(815301076,1909f56bfc062723c751e8b465ee728b)  -> (artifact id: 'db5b64f09af1f52e9267a4dd20131164') in 0.009826 seconds 
========================================================================
Received Import Request.
  Time since last request: 3.898250 seconds.
  path: Assets/Scripts/System/SavePlayerData.cs
  artifactKey: Guid(684093897e8a342459e75663c0431b84) Importer(815301076,1909f56bfc062723c751e8b465ee728b)
Start importing Assets/Scripts/System/SavePlayerData.cs using Guid(684093897e8a342459e75663c0431b84) Importer(815301076,1909f56bfc062723c751e8b465ee728b)  -> (artifact id: 'e271bc42ee7802ce76efecdfee98d103') in 0.008302 seconds 
========================================================================
Received Import Request.
  Time since last request: 9.541667 seconds.
  path: Assets/Scripts/Player
  artifactKey: Guid(823823a6c7b44014f8bed0a0a36678f6) Importer(815301076,1909f56bfc062723c751e8b465ee728b)
Start importing Assets/Scripts/Player using Guid(823823a6c7b44014f8bed0a0a36678f6) Importer(815301076,1909f56bfc062723c751e8b465ee728b)  -> (artifact id: '5ae78daed5d613f24191f59d1e74a420') in 0.010209 seconds 
========================================================================
Received Import Request.
  Time since last request: 1.323685 seconds.
  path: Assets/Scripts/Player/PlayerAnimation.cs
  artifactKey: Guid(e8c3daef31487264e813faadc582c237) Importer(815301076,1909f56bfc062723c751e8b465ee728b)
Start importing Assets/Scripts/Player/PlayerAnimation.cs using Guid(e8c3daef31487264e813faadc582c237) Importer(815301076,1909f56bfc062723c751e8b465ee728b)  -> (artifact id: '6f88ba30fa00ed0a5a9bc14ffe691908') in 0.008679 seconds 
========================================================================
Received Import Request.
  Time since last request: 0.662903 seconds.
  path: Assets/Scripts/Player/PlayerInput.cs
  artifactKey: Guid(50037db77dfcf1e44ae310d058923509) Importer(815301076,1909f56bfc062723c751e8b465ee728b)
Start importing Assets/Scripts/Player/PlayerInput.cs using Guid(50037db77dfcf1e44ae310d058923509) Importer(815301076,1909f56bfc062723c751e8b465ee728b)  -> (artifact id: '551c461ca1eb7ceb073297b5203cfa1e') in 0.011025 seconds 
========================================================================
Received Import Request.
  Time since last request: 23.201040 seconds.
  path: Assets/Scripts/Player/PlayerScore.cs
  artifactKey: Guid(5331ee70aaf3dcd47be470bb64e29d72) Importer(815301076,1909f56bfc062723c751e8b465ee728b)
Start importing Assets/Scripts/Player/PlayerScore.cs using Guid(5331ee70aaf3dcd47be470bb64e29d72) Importer(815301076,1909f56bfc062723c751e8b465ee728b)  -> (artifact id: 'd8412b0ee0f1b940f40880c83b96569c') in 0.010390 seconds 
========================================================================
Received Import Request.
  Time since last request: 200.842318 seconds.
  path: Assets/Scripts/Player/Player.cs
  artifactKey: Guid(b08e2dbaf3964284c9f2d959089a8755) Importer(815301076,1909f56bfc062723c751e8b465ee728b)
Start importing Assets/Scripts/Player/Player.cs using Guid(b08e2dbaf3964284c9f2d959089a8755) Importer(815301076,1909f56bfc062723c751e8b465ee728b)  -> (artifact id: 'bf1fbec9435d28f627ed4fa166407c87') in 0.003861 seconds 
========================================================================
Received Import Request.
  Time since last request: 639.311809 seconds.
  path: Assets/Image/atlas.png
  artifactKey: Guid(79ebdfb50c8d4c84ba4be9b79954f6e2) Importer(815301076,1909f56bfc062723c751e8b465ee728b)
Start importing Assets/Image/atlas.png using Guid(79ebdfb50c8d4c84ba4be9b79954f6e2) Importer(815301076,1909f56bfc062723c751e8b465ee728b)  -> (artifact id: 'a782d3a72ee32612778d6dbfe75af126') in 0.355617 seconds 
========================================================================
Received Import Request.
  Time since last request: 1.025876 seconds.
  path: Assets/Image/replay_button.png
  artifactKey: Guid(edb766ac9d3e6964fa5bc001423d595b) Importer(815301076,1909f56bfc062723c751e8b465ee728b)
Start importing Assets/Image/replay_button.png using Guid(edb766ac9d3e6964fa5bc001423d595b) Importer(815301076,1909f56bfc062723c751e8b465ee728b)  -> (artifact id: '787665fff2faa2b3416f004314f0fb2e') in 0.040546 seconds 
========================================================================
Received Import Request.
  Time since last request: 0.417567 seconds.
  path: Assets/Image/progress_bar.png
  artifactKey: Guid(c4cac218e2a26da449749e5b0065e794) Importer(815301076,1909f56bfc062723c751e8b465ee728b)
Start importing Assets/Image/progress_bar.png using Guid(c4cac218e2a26da449749e5b0065e794) Importer(815301076,1909f56bfc062723c751e8b465ee728b)  -> (artifact id: '8d432a64ca24db082b4fc938d18ad2c1') in 0.035595 seconds 
